0 info it worked if it ends with ok
1 verbose cli [ '/usr/bin/node', '/usr/bin/npm', 'install', 'restler', '-g' ]
2 info using npm@1.4.28
3 info using node@v0.10.37
4 verbose node symlink /usr/bin/node
5 verbose cache add [ 'restler', null ]
6 verbose cache add name=undefined spec="restler" args=["restler",null]
7 verbose parsed url { protocol: null,
7 verbose parsed url   slashes: null,
7 verbose parsed url   auth: null,
7 verbose parsed url   host: null,
7 verbose parsed url   port: null,
7 verbose parsed url   hostname: null,
7 verbose parsed url   hash: null,
7 verbose parsed url   search: null,
7 verbose parsed url   query: null,
7 verbose parsed url   pathname: 'restler',
7 verbose parsed url   path: 'restler',
7 verbose parsed url   href: 'restler' }
8 silly lockFile fb93280d-restler restler
9 verbose lock restler /home/ubuntu/.npm/fb93280d-restler.lock
10 silly lockFile fb93280d-restler restler
11 silly lockFile fb93280d-restler restler
12 verbose addNamed [ 'restler', '' ]
13 verbose addNamed [ null, '*' ]
14 silly lockFile e35561c0-restler restler@
15 verbose lock restler@ /home/ubuntu/.npm/e35561c0-restler.lock
16 silly addNameRange { name: 'restler', range: '*', hasData: false }
17 verbose request where is /restler
18 verbose request registry https://registry.npmjs.org/
19 verbose request id a8e2115bd49cc3ae
20 verbose url raw /restler
21 verbose url resolving [ 'https://registry.npmjs.org/', './restler' ]
22 verbose url resolved https://registry.npmjs.org/restler
23 verbose request where is https://registry.npmjs.org/restler
24 info trying registry request attempt 1 at 23:44:43
25 verbose etag "94XWAXXI2LOF79L8CQZEN26WH"
26 http GET https://registry.npmjs.org/restler
27 http 304 https://registry.npmjs.org/restler
28 silly registry.get cb [ 304,
28 silly registry.get   { date: 'Thu, 11 Jun 2015 23:44:51 GMT',
28 silly registry.get     via: '1.1 varnish',
28 silly registry.get     'cache-control': 'max-age=60',
28 silly registry.get     etag: '"94XWAXXI2LOF79L8CQZEN26WH"',
28 silly registry.get     age: '0',
28 silly registry.get     connection: 'keep-alive',
28 silly registry.get     'x-served-by': 'cache-sjc3123-SJC',
28 silly registry.get     'x-cache': 'HIT',
28 silly registry.get     'x-cache-hits': '1',
28 silly registry.get     'x-timer': 'S1434066291.924224,VS0,VE85',
28 silly registry.get     vary: 'Accept' } ]
29 verbose etag https://registry.npmjs.org/restler from cache
30 silly addNameRange number 2 { name: 'restler', range: '*', hasData: true }
31 silly addNameRange versions [ 'restler',
31 silly addNameRange   [ '0.2.0',
31 silly addNameRange     '0.2.1',
31 silly addNameRange     '0.2.2',
31 silly addNameRange     '0.2.3',
31 silly addNameRange     '0.2.4',
31 silly addNameRange     '0.2.5',
31 silly addNameRange     '2.0.0',
31 silly addNameRange     '2.0.1',
31 silly addNameRange     '3.0.0',
31 silly addNameRange     '3.1.0',
31 silly addNameRange     '3.2.0',
31 silly addNameRange     '3.2.1',
31 silly addNameRange     '3.2.2' ] ]
32 verbose addNamed [ 'restler', '3.2.2' ]
33 verbose addNamed [ '3.2.2', '3.2.2' ]
34 silly lockFile 37d209e7-restler-3-2-2 restler@3.2.2
35 verbose lock restler@3.2.2 /home/ubuntu/.npm/37d209e7-restler-3-2-2.lock
36 silly lockFile 37d209e7-restler-3-2-2 restler@3.2.2
37 silly lockFile 37d209e7-restler-3-2-2 restler@3.2.2
38 silly lockFile e35561c0-restler restler@
39 silly lockFile e35561c0-restler restler@
40 silly resolved [ { name: 'restler',
40 silly resolved     version: '3.2.2',
40 silly resolved     description: 'An HTTP client library for node.js',
40 silly resolved     contributors: [ [Object], [Object] ],
40 silly resolved     homepage: 'https://github.com/danwrong/restler',
40 silly resolved     repository: { type: 'git', url: 'https://github.com/danwrong/restler.git' },
40 silly resolved     directories: { lib: './lib' },
40 silly resolved     main: './lib/restler',
40 silly resolved     engines: { node: '>= 0.10.x' },
40 silly resolved     scripts: { test: 'node test/all.js' },
40 silly resolved     dependencies:
40 silly resolved      { qs: '0.6.6',
40 silly resolved        xml2js: '0.4.0',
40 silly resolved        yaml: '0.2.3',
40 silly resolved        'iconv-lite': '0.2.11' },
40 silly resolved     devDependencies: { nodeunit: '0.8.2' },
40 silly resolved     bugs: { url: 'https://github.com/danwrong/restler/issues' },
40 silly resolved     _id: 'restler@3.2.2',
40 silly resolved     dist:
40 silly resolved      { shasum: 'f6c532b937746093e3486387e57fb1051bdb2857',
40 silly resolved        tarball: 'http://registry.npmjs.org/restler/-/restler-3.2.2.tgz' },
40 silly resolved     _from: 'restler@',
40 silly resolved     _npmVersion: '1.4.4',
40 silly resolved     _npmUser: { name: 'easternbloc', email: 'ben@marvell-consulting.com' },
40 silly resolved     maintainers: [ [Object], [Object], [Object] ],
40 silly resolved     _shasum: 'f6c532b937746093e3486387e57fb1051bdb2857',
40 silly resolved     _resolved: 'https://registry.npmjs.org/restler/-/restler-3.2.2.tgz',
40 silly resolved     readme: 'ERROR: No README data found!' } ]
41 info install restler@3.2.2 into /usr/lib
42 info installOne restler@3.2.2
43 verbose lib/node_modules/restler unbuild
44 verbose tar unpack /home/ubuntu/.npm/restler/3.2.2/package.tgz
45 silly lockFile 856e81c0-tar-usr-lib-node-modules-restler tar:///usr/lib/node_modules/restler
46 verbose lock tar:///usr/lib/node_modules/restler /home/ubuntu/.npm/856e81c0-tar-usr-lib-node-modules-restler.lock
47 silly lockFile a29b973b-tu-npm-restler-3-2-2-package-tgz tar:///home/ubuntu/.npm/restler/3.2.2/package.tgz
48 verbose lock tar:///home/ubuntu/.npm/restler/3.2.2/package.tgz /home/ubuntu/.npm/a29b973b-tu-npm-restler-3-2-2-package-tgz.lock
49 silly gunzTarPerm modes [ '775', '664' ]
50 error Error: EACCES, mkdir '/usr/lib/node_modules/restler'
50 error  { [Error: EACCES, mkdir '/usr/lib/node_modules/restler']
50 error   errno: 3,
50 error   code: 'EACCES',
50 error   path: '/usr/lib/node_modules/restler',
50 error   fstream_type: 'Directory',
50 error   fstream_path: '/usr/lib/node_modules/restler',
50 error   fstream_class: 'DirWriter',
50 error   fstream_stack:
50 error    [ '/usr/lib/node_modules/npm/node_modules/fstream/lib/dir-writer.js:36:23',
50 error      '/usr/lib/node_modules/npm/node_modules/mkdirp/index.js:46:53',
50 error      'Object.oncomplete (fs.js:108:15)' ] }
51 error Please try running this command again as root/Administrator.
52 error System Linux 3.13.0-48-generic
53 error command "/usr/bin/node" "/usr/bin/npm" "install" "restler" "-g"
54 error cwd /home/ubuntu/bitstarter
55 error node -v v0.10.37
56 error npm -v 1.4.28
57 error path /usr/lib/node_modules/restler
58 error fstream_path /usr/lib/node_modules/restler
59 error fstream_type Directory
60 error fstream_class DirWriter
61 error code EACCES
62 error errno 3
63 error stack Error: EACCES, mkdir '/usr/lib/node_modules/restler'
64 error fstream_stack /usr/lib/node_modules/npm/node_modules/fstream/lib/dir-writer.js:36:23
64 error fstream_stack /usr/lib/node_modules/npm/node_modules/mkdirp/index.js:46:53
64 error fstream_stack Object.oncomplete (fs.js:108:15)
65 verbose exit [ 3, true ]
